<?xml version="1.0" encoding="UTF-8"?>
<testng-results ignored="0" total="3" passed="3" failed="0" skipped="0">
  <reporter-output>
  </reporter-output>
  <suite started-at="2026-04-16T13:17:09 EDT" name="Default suite" finished-at="2026-04-16T13:18:59 EDT" duration-ms="109586">
    <groups>
      <group name="cucumber">
        <method signature="AbstractTestNGCucumberTests.runScenario(io.cucumber.testng.PickleWrapper,io.cucumber.testng.FeatureWrapper)[pri:0, instance:cucumberOptions.RunnerTestNG@13c9d689]" name="runScenario" class="io.cucumber.testng.AbstractTestNGCucumberTests"/>
      </group> <!-- cucumber -->
    </groups>
    <test started-at="2026-04-16T13:17:09 EDT" name="Default test" finished-at="2026-04-16T13:18:59 EDT" duration-ms="109586">
      <class name="cucumberOptions.RunnerTestNG">
        <test-method is-config="true" signature="setUpClass(org.testng.ITestContext)[pri:0, instance:cucumberOptions.RunnerTestNG@13c9d689]" started-at="2026-04-16T13:17:09 EDT" name="setUpClass" finished-at="2026-04-16T13:17:12 EDT" duration-ms="2316" status="PASS">
          <params>
            <param index="0">
              <value>
                <![CDATA[org.testng.TestRunner@e784320]]>
              </value>
            </param>
          </params>
          <reporter-output>
          </reporter-output>
        </test-method> <!-- setUpClass -->
        <test-method signature="runScenario(io.cucumber.testng.PickleWrapper,io.cucumber.testng.FeatureWrapper)[pri:0, instance:cucumberOptions.RunnerTestNG@13c9d689]" started-at="2026-04-16T13:17:12 EDT" name="runScenario" description="Runs Cucumber Scenarios" data-provider="scenarios" finished-at="2026-04-16T13:17:54 EDT" duration-ms="42053" status="PASS">
          <params>
            <param index="0">
              <value>
                <![CDATA["user should be able to import orders from a file"]]>
              </value>
            </param>
            <param index="1">
              <value>
                <![CDATA["ShipAccel application user should be able to import orders from a csv file"]]>
              </value>
            </param>
          </params>
          <reporter-output>
          </reporter-output>
        </test-method> <!-- runScenario -->
        <test-method signature="runScenario(io.cucumber.testng.PickleWrapper,io.cucumber.testng.FeatureWrapper)[pri:0, instance:cucumberOptions.RunnerTestNG@13c9d689]" started-at="2026-04-16T13:17:54 EDT" name="runScenario" description="Runs Cucumber Scenarios" data-provider="scenarios" finished-at="2026-04-16T13:18:30 EDT" duration-ms="36509" status="PASS">
          <params>
            <param index="0">
              <value>
                <![CDATA["User should be able to login successfully"]]>
              </value>
            </param>
            <param index="1">
              <value>
                <![CDATA["ShipAccel Application Login"]]>
              </value>
            </param>
          </params>
          <reporter-output>
          </reporter-output>
        </test-method> <!-- runScenario -->
        <test-method signature="runScenario(io.cucumber.testng.PickleWrapper,io.cucumber.testng.FeatureWrapper)[pri:0, instance:cucumberOptions.RunnerTestNG@13c9d689]" started-at="2026-04-16T13:18:30 EDT" name="runScenario" description="Runs Cucumber Scenarios" data-provider="scenarios" finished-at="2026-04-16T13:18:59 EDT" duration-ms="28340" status="PASS">
          <params>
            <param index="0">
              <value>
                <![CDATA["User should be able to logout successfully"]]>
              </value>
            </param>
            <param index="1">
              <value>
                <![CDATA["ShipAccel Application logout"]]>
              </value>
            </param>
          </params>
          <reporter-output>
          </reporter-output>
        </test-method> <!-- runScenario -->
        <test-method is-config="true" signature="tearDownClass()[pri:0, instance:cucumberOptions.RunnerTestNG@13c9d689]" started-at="2026-04-16T13:18:59 EDT" name="tearDownClass" finished-at="2026-04-16T13:18:59 EDT" duration-ms="132" status="PASS">
          <reporter-output>
          </reporter-output>
        </test-method> <!-- tearDownClass -->
      </class> <!-- cucumberOptions.RunnerTestNG -->
    </test> <!-- Default test -->
  </suite> <!-- Default suite -->
</testng-results>
