<?xml version="1.0" encoding="UTF-8"?>
<!-- Generated by org.testng.reporters.JUnitReportReporter -->
<testsuite hostname="Shiralkar" failures="0" tests="3" name="cucumberOptions.RunnerTestNG" time="106.902" errors="0" timestamp="2026-04-16T13:18:59 EDT" skipped="0">
  <testcase classname="cucumberOptions.RunnerTestNG" name="runScenario" time="36.509"/>
  <testcase classname="cucumberOptions.RunnerTestNG" name="runScenario" time="28.340"/>
  <testcase classname="cucumberOptions.RunnerTestNG" name="runScenario" time="42.053"/>
</testsuite> <!-- cucumberOptions.RunnerTestNG -->
